Logging to: /home/milnes/projects/veracity/analyses/veracity-search.log
Verus Search
============

Pattern: impl View for _
Searching: /home/milnes/projects/verus-lang/source/vstd
Files: 87, Impls: 274, Matches: 42

/home/milnes/projects/verus-lang/source/vstd/hash_set.rs:31: 
impl<Key> View for HashSetWithView<Key> where Key: View + Eq + Hash

/home/milnes/projects/verus-lang/source/vstd/hash_set.rs:184: 
impl View for StringHashSet

/home/milnes/projects/verus-lang/source/vstd/std_specs/hash.rs:51: 
impl View for DefaultHasher

/home/milnes/projects/verus-lang/source/vstd/std_specs/hash.rs:370: 
impl<'a, Key, Value> View for KeysGhostIterator<'a, Key, Value>

/home/milnes/projects/verus-lang/source/vstd/std_specs/hash.rs:479: 
impl<'a, Key, Value> View for ValuesGhostIterator<'a, Key, Value>

/home/milnes/projects/verus-lang/source/vstd/std_specs/hash.rs:598: 
impl<'a, Key, Value> View for MapIterGhostIterator<'a, Key, Value>

/home/milnes/projects/verus-lang/source/vstd/std_specs/hash.rs:671: 
impl<Key, Value, S> View for HashMap<Key, Value, S>

/home/milnes/projects/verus-lang/source/vstd/std_specs/hash.rs:1166: 
impl<'a, Key> View for SetIterGhostIterator<'a, Key>

/home/milnes/projects/verus-lang/source/vstd/std_specs/hash.rs:1191: 
impl<Key, S> View for HashSet<Key, S>

/home/milnes/projects/verus-lang/source/vstd/std_specs/range.rs:59: 
impl<Idx> View for RangeInclusive<Idx>

/home/milnes/projects/verus-lang/source/vstd/std_specs/range.rs:178: 
impl<A: StepSpec + core::iter::Step> View for RangeGhostIterator<A>

/home/milnes/projects/verus-lang/source/vstd/std_specs/borrow.rs:29: 
#[cfg(feature = "alloc")]
impl<'a, T: View + Clone> View for Cow<'a, T>

/home/milnes/projects/verus-lang/source/vstd/std_specs/borrow.rs:56: 
#[cfg(feature = "alloc")]
impl<'a> View for Cow<'a, str>

/home/milnes/projects/verus-lang/source/vstd/std_specs/borrow.rs:80: 
#[cfg(feature = "alloc")]
impl<'a, T: View + Clone> View for Cow<'a, [T]>

/home/milnes/projects/verus-lang/source/vstd/std_specs/vecdeque.rs:21: 
impl<T, A: Allocator> View for VecDeque<T, A>

/home/milnes/projects/verus-lang/source/vstd/std_specs/vecdeque.rs:257: 
impl<'a, T: 'a> View for Iter<'a, T>

/home/milnes/projects/verus-lang/source/vstd/std_specs/vecdeque.rs:340: 
impl<'a, T> View for IterGhostIterator<'a, T>

/home/milnes/projects/verus-lang/source/vstd/std_specs/slice.rs:47: 
impl<T> View for Iter<'_, T>

/home/milnes/projects/verus-lang/source/vstd/std_specs/slice.rs:139: 
impl<'a, T> View for IterGhostIterator<'a, T>

/home/milnes/projects/verus-lang/source/vstd/std_specs/vec.rs:315: 
impl<T, A: Allocator> View for IntoIter<T, A>

/home/milnes/projects/verus-lang/source/vstd/std_specs/vec.rs:407: 
impl<T, A: Allocator> View for IntoIterGhostIterator<T, A>

/home/milnes/projects/verus-lang/source/vstd/raw_ptr.rs:150: 
#[cfg(verus_keep_ghost)]
impl<T: core::marker::PointeeSized> View for *mut T

/home/milnes/projects/verus-lang/source/vstd/raw_ptr.rs:170: 
#[cfg(verus_keep_ghost)]
impl<T: core::marker::PointeeSized> View for *const T

/home/milnes/projects/verus-lang/source/vstd/raw_ptr.rs:192: 
impl<T> View for PointsTo<T>

/home/milnes/projects/verus-lang/source/vstd/arithmetic/overflow.rs:75: 
/// The view of an `$cty` instance is the true value of the instance.
impl View for $cty

/home/milnes/projects/verus-lang/source/vstd/hash_map.rs:30: 
impl<Key, Value> View for HashMapWithView<Key, Value> where Key: View + Eq + Hash

/home/milnes/projects/verus-lang/source/vstd/hash_map.rs:193: 
impl<Value> View for StringHashMap<Value>

/home/milnes/projects/verus-lang/source/vstd/string.rs:17: 
impl View for str

/home/milnes/projects/verus-lang/source/vstd/string.rs:224: 
#[cfg(feature = "alloc")]
impl View for String

/home/milnes/projects/verus-lang/source/vstd/string.rs:346: 
#[cfg(feature = "alloc")]
impl<'a> View for Chars<'a>

/home/milnes/projects/verus-lang/source/vstd/string.rs:441: 
#[cfg(feature = "alloc")]
impl<'a> View for CharsGhostIterator<'a>

/home/milnes/projects/verus-lang/source/vstd/view.rs:22: 
impl<A: View + ?Sized> View for &A

/home/milnes/projects/verus-lang/source/vstd/view.rs:41: 
#[cfg(feature = "alloc")]
impl<A: View + ?Sized> View for alloc::boxed::Box<A>

/home/milnes/projects/verus-lang/source/vstd/view.rs:61: 
#[cfg(feature = "alloc")]
impl<A: View> View for alloc::rc::Rc<A>

/home/milnes/projects/verus-lang/source/vstd/view.rs:81: 
#[cfg(feature = "alloc")]
impl<A: View> View for alloc::sync::Arc<A>

/home/milnes/projects/verus-lang/source/vstd/view.rs:104: 
#[cfg(all(feature = "alloc", any(verus_keep_ghost, feature = "allocator")))]
impl<T, A: core::alloc::Allocator> View for alloc::vec::Vec<T, A>

/home/milnes/projects/verus-lang/source/vstd/view.rs:121: 
#[cfg(all(feature = "alloc", not(verus_keep_ghost), not(feature = "allocator")))]
impl<T> View for alloc::vec::Vec<T>

/home/milnes/projects/verus-lang/source/vstd/view.rs:137: 
impl<T> View for Option<T>

/home/milnes/projects/verus-lang/source/vstd/view.rs:159: 
#[cfg_attr(verus_keep_ghost, verifier::verify)]
impl View for $t

/home/milnes/projects/verus-lang/source/vstd/view.rs:219: 
#[cfg_attr(verus_keep_ghost, verifier::verify)]
impl<$($a: View, )*> View for ($($a, )*)

/home/milnes/projects/verus-lang/source/vstd/array.rs:13: 
impl<T, const N: usize> View for [T; N]

/home/milnes/projects/verus-lang/source/vstd/slice.rs:12: 
impl<T> View for [T]

