Verus Proof Hole Detection
Looking for:
  - assume(false), assume(), Tracked::assume_new(), admit()
  - unsafe fn, unsafe impl, unsafe {} blocks
  - axiom fn with holes in body (admit/assume/external_body)
  - external_body, external_fn_specification, external_trait_specification
  - external_type_specification, external_trait_extension, external
  - opaque

Note: Only counting axiom fn declarations that have holes in their bodies.
      broadcast use statements are not counted (they just import axioms).

❌ threads_plus.rs
   Holes: 9 total
      1 × Tracked::assume_new()
      2 × unsafe impl
      6 × external_body

═══════════════════════════════════════════════════════════════
SUMMARY
═══════════════════════════════════════════════════════════════

Modules:
   0 clean (no holes)
   1 holed (contains holes)
   1 total

Proof Functions:
   0 clean
   0 holed
   0 total

Holes Found: 9 total
   1 × Tracked::assume_new()
   2 × unsafe impl
   6 × external_body

Completed in 0ms
Verus Proof Hole Detection
Looking for:
  - assume(false), assume(), Tracked::assume_new(), admit()
  - unsafe fn, unsafe impl, unsafe {} blocks
  - axiom fn with holes in body (admit/assume/external_body)
  - external_body, external_fn_specification, external_trait_specification
  - external_type_specification, external_trait_extension, external
  - opaque

Note: Only counting axiom fn declarations that have holes in their bodies.
      broadcast use statements are not counted (they just import axioms).

❌ ArraySeq.rs
   Holes: 1 total
      1 × assume()
❌ ArraySeqMtEph.rs
   Holes: 1 total
      1 × assume()
❌ ArraySeqMtPer.rs
   Holes: 5 total
      2 × assume()
      3 × external_body
❌ ArraySeqStEph.rs
   Holes: 1 total
      1 × assume()
❌ ArraySeqStPer.rs
   Holes: 1 total
      1 × assume()
❌ LinkedListStEph.rs
   Holes: 1 total
      1 × assume()
❌ LinkedListStPer.rs
   Holes: 1 total
      1 × assume()

═══════════════════════════════════════════════════════════════
SUMMARY
═══════════════════════════════════════════════════════════════

Modules:
   0 clean (no holes)
   7 holed (contains holes)
   7 total

Proof Functions:
   0 clean
   0 holed
   0 total

Holes Found: 11 total
   8 × assume()
   3 × external_body

Completed in 10ms
❌ ArraySeq.rs
   Holes: 1 total
      1 × assume()
❌ ArraySeqMtEph.rs
   Holes: 1 total
      1 × assume()
❌ ArraySeqMtPer.rs
   Holes: 5 total
      2 × assume()
      3 × external_body
❌ ArraySeqStEph.rs
   Holes: 1 total
      1 × assume()
❌ ArraySeqStPer.rs
   Holes: 1 total
      1 × assume()
❌ LinkedListStEph.rs
   Holes: 1 total
      1 × assume()
❌ LinkedListStPer.rs
   Holes: 1 total
      1 × assume()

═══════════════════════════════════════════════════════════════
SUMMARY
═══════════════════════════════════════════════════════════════

Modules:
   0 clean (no holes)
   7 holed (contains holes)
   7 total

Proof Functions:
   0 clean
   0 holed
   0 total

Holes Found: 11 total
   8 × assume()
   3 × external_body
❌ ArraySeq.rs
   Holes: 1 total
      1 × assume()
❌ ArraySeqMtEph.rs
   Holes: 1 total
      1 × assume()
❌ ArraySeqMtPer.rs
   Holes: 5 total
      2 × assume()
      3 × external_body
❌ ArraySeqStEph.rs
   Holes: 1 total
      1 × assume()
❌ ArraySeqStPer.rs
   Holes: 1 total
      1 × assume()
❌ LinkedListStEph.rs
   Holes: 1 total
      1 × assume()
❌ LinkedListStPer.rs
   Holes: 1 total
      1 × assume()

═══════════════════════════════════════════════════════════════
SUMMARY
═══════════════════════════════════════════════════════════════

Modules:
   0 clean (no holes)
   7 holed (contains holes)
   7 total

Proof Functions:
   0 clean
   0 holed
   0 total

Holes Found: 11 total
   8 × assume()
   3 × external_body

═══════════════════════════════════════════════════════════════
SUMMARY
═══════════════════════════════════════════════════════════════

Modules:
   0 clean (no holes)
   7 holed (contains holes)
   7 total

Proof Functions:
   0 clean
   0 holed
   0 total

Holes Found: 11 total
   8 × assume()
   3 × external_body

═══════════════════════════════════════════════════════════════
SUMMARY
═══════════════════════════════════════════════════════════════

Modules:
   0 clean (no holes)
   7 holed (contains holes)
   7 total

Proof Functions:
   0 clean
   0 holed
   0 total

Holes Found: 11 total
   8 × assume()
   3 × external_body

═══════════════════════════════════════════════════════════════
SUMMARY
═══════════════════════════════════════════════════════════════

Modules:
   0 clean (no holes)
   7 holed (contains holes)
   7 total

Proof Functions:
   0 clean
   0 holed
   0 total

Holes Found: 11 total
   8 × assume()
   3 × external_body

═══════════════════════════════════════════════════════════════
SUMMARY
═══════════════════════════════════════════════════════════════

Modules:
   0 clean (no holes)
   7 holed (contains holes)
   7 total

Proof Functions:
   0 clean
   0 holed
   0 total

Holes Found: 11 total
   8 × assume()
   3 × external_body

═══════════════════════════════════════════════════════════════
SUMMARY
═══════════════════════════════════════════════════════════════

Modules:
   0 clean (no holes)
   1 holed (contains holes)
   1 total

Proof Functions:
   0 clean
   0 holed
   0 total

Holes Found: 7 total
   5 × assume()
   1 × assume_specification
   1 × external_body
