# Verus Library Wrapping Analysis
# Generated by veracity-review-verus-wrapping

Searching for Verus libraries in:
  - /home/milnes/projects/VerusCodebases/verus/source/vstd

Found 1 libraries:
  - /home/milnes/projects/VerusCodebases/verus/source/vstd


================================================================================
Library: vstd (/home/milnes/projects/VerusCodebases/verus/source/vstd)
================================================================================

## Wrapped Rust Types (30 total)

### Module: function

  - **ExFnProofOptionReqEns** wraps `RqEn<R>` [external_body]
    - Line: 45
    - Methods specified: 0
  - **ExFnProofOptionTracked** wraps `Trk` [external_body]
    - Line: 50
    - Methods specified: 0

### Module: range

  - **ExRange** wraps `Range<Idx>`
    - Line: 10
    - Methods specified: 2
      - `Range::<A>::next` [ensures]
      - `Range::<Idx>::contains` [ensures]

### Module: vecdeque

  - **ExVecDeque** wraps `VecDeque<T, A>` [external_body]
    - Line: 19
    - Methods specified: 18
      - `VecDeque::<T, A>::index` [requires, ensures]
      - `VecDeque::<T, A>::len` [ensures]
      - `VecDeque::<T>::new` [ensures]
      - `VecDeque::<T>::with_capacity` [ensures]
      - `VecDeque::<T, A>::reserve` [ensures]
      - `VecDeque::<T, A>::push_back` [ensures]
      - `VecDeque::<T, A>::push_front` [ensures]
      - `VecDeque::<T, A>::pop_back` [ensures]
      - `VecDeque::<T, A>::pop_front` [ensures]
      - `VecDeque::<T, A>::append` [ensures]
      - `VecDeque::<T, A>::insert` [requires, ensures]
      - `VecDeque::<T, A>::remove` [ensures]
      - `VecDeque::<T, A>::clear` [ensures]
      - `VecDeque::<T, A>::split_off` [requires, ensures]
      - `<VecDeque<T, A> as Clone>::clone` [ensures]
      - `VecDeque::<T, A>::truncate` [ensures]
      - `VecDeque::<T, A>::resize` [ensures]
      - `VecDeque::<T, A>::iter` [ensures]
  - **ExIter** wraps `Iter<'a, T>` [external_body]
    - Line: 255
    - Methods specified: 2
      - `Iter::<'a, T>::next` [ensures]
      - `VecDeque::<T, A>::iter` [ensures]

### Module: core

  - **ExOrdering** wraps `core::cmp::Ordering`
    - Line: 128
    - Methods specified: 2
      - `core::intrinsics::likely` [ensures]
      - `core::intrinsics::unlikely` [ensures]
  - **ExOption** wraps `core::option::Option<V>`
    - Line: 133
    - Methods specified: 0
  - **ExResult** wraps `core::result::Result<T, E>`
    - Line: 138
    - Methods specified: 1
      - `I::into_iter` [ensures]
  - **ExDuration** wraps `core::time::Duration` [external_body]
    - Line: 156
    - Methods specified: 0
  - **ExPhantomData** wraps `core::marker::PhantomData<V>`
    - Line: 160
    - Methods specified: 3
      - `core::intrinsics::likely` [ensures]
      - `core::intrinsics::unlikely` [ensures]
      - `bool::then` [ensures]
  - **ExManuallyDrop** wraps `core::mem::ManuallyDrop<V>` [external_body]
    - Line: 184
    - Methods specified: 0
  - **ExAssertParamIsClone** wraps `core::clone::AssertParamIsClone<T>` [external_body]
    - Line: 243
    - Methods specified: 0

### Module: alloc

  - **ExGlobal** wraps `alloc::alloc::Global` [external_body]
    - Line: 10
    - Methods specified: 1
      - `alloc::boxed::box_new` [ensures]

### Module: string

  - **ExString** wraps `String` [external_body]
    - Line: 242
    - Methods specified: 5
      - `String::is_ascii` [ensures]
      - `String::as_str` [ensures]
      - `<String as Clone>::clone` [ensures]
      - `<String as PartialEq>::eq` [ensures]
      - `str::chars` [ensures]
  - **ExChars** wraps `Chars<'a>` [external_body]
    - Line: 343
    - Methods specified: 1
      - `Chars::<'a>::next` [ensures]

### Module: hash

  - **ExDefaultHasher** wraps `DefaultHasher` [external_body]
    - Line: 49
    - Methods specified: 3
      - `DefaultHasher::new` [ensures]
      - `DefaultHasher::write` [ensures]
      - `DefaultHasher::finish` [ensures]
  - **ExRandomState** wraps `RandomState` [external_body]
    - Line: 260
    - Methods specified: 0
  - **ExKeys** wraps `Keys<'a, Key, Value>` [external_body]
    - Line: 275
    - Methods specified: 1
      - `Keys::<'a, Key, Value>::next` [ensures]
  - **ExValues** wraps `Values<'a, Key, Value>` [external_body]
    - Line: 384
    - Methods specified: 1
      - `Values::<'a, Key, Value>::next` [ensures]
  - **ExMapIter** wraps `hash_map::Iter<'a, Key, Value>` [external_body]
    - Line: 493
    - Methods specified: 2
      - `hash_map::Iter::<'a, Key, Value>::next` [ensures]
      - `HashMap::<Key, Value, S>::iter` [ensures]
  - **ExHashMap** wraps `HashMap<Key, Value, S>` [external_body]
    - Line: 655
    - Methods specified: 9
      - `HashMap::<Key, Value, S>::len` [ensures]
      - `HashMap::<Key, Value, S>::is_empty` [ensures]
      - `<HashMap::<K, V, S> as Clone>::clone` [ensures]
      - `HashMap::<Key, Value>::new` [ensures]
      - `HashMap::<Key, Value>::with_capacity` [ensures]
      - `HashMap::<Key, Value, S>::insert` [ensures]
      - `HashMap::<Key, Value, S>::clear` [ensures]
      - `HashMap::<Key, Value, S>::keys` [ensures]
      - `HashMap::<Key, Value, S>::values` [ensures]
  - **ExSetIter** wraps `hash_set::Iter<'a, Key>` [external_body]
    - Line: 1076
    - Methods specified: 1
      - `hash_set::Iter::<'a, Key>::next` [ensures]
  - **ExHashSet** wraps `HashSet<Key, S>` [external_body]
    - Line: 1189
    - Methods specified: 8
      - `HashSet::<Key, S>::len` [ensures]
      - `HashSet::<Key, S>::is_empty` [ensures]
      - `HashSet::<Key>::new` [ensures]
      - `HashSet::<Key>::with_capacity` [ensures]
      - `HashSet::<Key, S>::reserve` [ensures]
      - `HashSet::<Key, S>::insert` [ensures]
      - `HashSet::<Key, S>::clear` [ensures]
      - `HashSet::<Key, S>::iter` [ensures]

### Module: slice

  - **ExIter** wraps `Iter<'a, T>` [external_body]
    - Line: 45
    - Methods specified: 2
      - `Iter::<'a, T>::next` [ensures]
      - `<[T` [ensures]

### Module: borrow

  - **ExCow** wraps `Cow<'a, B>`
    - Line: 24
    - Methods specified: 0

### Module: atomic

  - **ExOrdering** wraps `Ordering`
    - Line: 10
    - Methods specified: 0

### Module: vec

  - **ExVec** wraps `Vec<T, A>` [external_body]
    - Line: 18
    - Methods specified: 21
      - `Vec::<T, A>::len` [ensures]
      - `Vec::<T>::new` [ensures]
      - `Vec::<T>::with_capacity` [ensures]
      - `Vec::<T, A>::reserve` [ensures]
      - `Vec::<T, A>::push` [ensures]
      - `Vec::<T, A>::pop` [ensures]
      - `Vec::<T, A>::append` [ensures]
      - `Vec::<T, A>::extend_from_slice` [ensures]
      - `Vec::<T,A>::index` [requires, ensures]
      - `Vec::<T, A>::swap_remove` [requires, ensures]
      - `Vec::<T, A>::insert` [requires, ensures]
      - `Vec::<T, A>::remove` [requires, ensures]
      - `Vec::<T, A>::clear` [ensures]
      - `Vec::<T, A>::as_slice` [ensures]
      - `<Vec<T, A> as core::ops::Deref>::deref` [ensures]
      - `Vec::<T, A>::split_off` [requires, ensures]
      - `<Vec<T, A> as Clone>::clone` [ensures]
      - `Vec::<T, A>::truncate` [ensures]
      - `Vec::<T, A>::resize` [ensures]
      - `<Vec<T, A1> as PartialEq<Vec<U, A2>>>::eq` [(no contracts)]
      - `Vec::<T, A>::into_iter` [ensures]
  - **ExIntoIter** wraps `IntoIter<T, A>` [external_body]
    - Line: 297
    - Methods specified: 2
      - `IntoIter::<T, A>::next` [ensures]
      - `Vec::<T, A>::into_iter` [ensures]

### Module: control_flow

  - **ExControlFlow** wraps `ControlFlow<B, C>`
    - Line: 12
    - Methods specified: 0
  - **ExInfallible** wraps `Infallible` [external_body]
    - Line: 16
    - Methods specified: 4
      - `Result::<T, E>::branch` [ensures]
      - `Option::<T>::branch` [ensures]
      - `Option::<T>::from_residual` [ensures]
      - `Result::<T, F>::from_residual` [ensures]

## Summary Statistics

| Metric | Count |
|--------|-------|
| Wrapped Types | 30 |
| Total Method Specs | 89 |
| Methods with requires | 8 |
| Methods with recommends | 0 |
| Methods with ensures | 88 |
| External Fn Specs | 2 |

## Coverage Analysis

- 98.9% of method specs have ensures clauses
- 9.0% of method specs have requires clauses

Report saved to: analyses/veracity-review-verus-wrapping.log
